2023-12-30 17:09:04,643  jsfuck.py[line:54] INFO: >>>js代码请求结果---:{'page': '2', 'uc': 'A2OL7k09pBdxyAeWyEx16Q=='}
2023-12-30 17:09:04,881  jsfuck.py[line:54] INFO: >>>js代码请求结果---:{'page': '4', 'uc': 'eqpDb4DNvfj7oRZaPdzgbg=='}
2023-12-30 17:09:05,099  jsfuck.py[line:54] INFO: >>>js代码请求结果---:{'page': '1', 'uc': '2WONlrd3KrpDO5SOt2O05A=='}
2023-12-30 17:09:05,241  jsfuck.py[line:54] INFO: >>>js代码请求结果---:{'page': '7', 'uc': 'VH1Ae2n1O1HMaEo8NggiSQ=='}
2023-12-30 17:09:05,365  jsfuck.py[line:54] INFO: >>>js代码请求结果---:{'page': '11', 'uc': 'n+p1QpL1ZyACcdhls7n2Fg=='}
2023-12-30 17:09:05,413  jsfuck.py[line:54] INFO: >>>js代码请求结果---:{'page': '5', 'uc': 'lp64jHdotBLzGi0ery6BBg=='}
2023-12-30 17:09:05,415  jsfuck.py[line:54] INFO: >>>js代码请求结果---:{'page': '15', 'uc': 'iXt7t2c4nCeAk9NEt1olkg=='}
2023-12-30 17:09:05,422  jsfuck.py[line:54] INFO: >>>js代码请求结果---:{'page': '10', 'uc': 'uKX069tEIo/ayEj4XWTOBQ=='}
2023-12-30 17:09:05,426  jsfuck.py[line:54] INFO: >>>js代码请求结果---:{'page': '6', 'uc': 'jJMfHnDE4PwXww4myEYFGQ=='}
2023-12-30 17:09:05,427  jsfuck.py[line:54] INFO: >>>js代码请求结果---:{'page': '18', 'uc': 'N2I5d99m1GedaBHgLmJ9DQ=='}
2023-12-30 17:09:05,429  jsfuck.py[line:54] INFO: >>>js代码请求结果---:{'page': '9', 'uc': 'FciR8JCorQ95+wQW/EvWkg=='}
2023-12-30 17:09:05,429  jsfuck.py[line:54] INFO: >>>js代码请求结果---:{'page': '8', 'uc': '6GW7XmB8E4stXinHuD6/aA=='}
2023-12-30 17:09:05,433  jsfuck.py[line:54] INFO: >>>js代码请求结果---:{'page': '13', 'uc': 'kGeNtZSnL4llJXpYm8fs6w=='}
2023-12-30 17:09:05,433  jsfuck.py[line:54] INFO: >>>js代码请求结果---:{'page': '3', 'uc': '26ZO7xxUGTGqGxoSJLcPoQ=='}
2023-12-30 17:09:05,458  jsfuck.py[line:54] INFO: >>>js代码请求结果---:{'page': '14', 'uc': 'xvx1GcqRS77XfVChpSL5HQ=='}
2023-12-30 17:09:05,459  jsfuck.py[line:54] INFO: >>>js代码请求结果---:{'page': '12', 'uc': '6CZiTKCYsZGA3NPXf9PLUA=='}
2023-12-30 17:09:05,511  jsfuck.py[line:54] INFO: >>>js代码请求结果---:{'page': '16', 'uc': 'cQXn7xiq95n2/l4YZ0czIw=='}
2023-12-30 17:09:05,514  jsfuck.py[line:54] INFO: >>>js代码请求结果---:{'page': '21', 'uc': 'ZuRtQJL2WSImSruO1qUIhg=='}
2023-12-30 17:09:05,517  jsfuck.py[line:54] INFO: >>>js代码请求结果---:{'page': '22', 'uc': 'q2QO9M5TwNtqZk3NkID4gg=='}
2023-12-30 17:09:05,544  jsfuck.py[line:54] INFO: >>>js代码请求结果---:{'page': '24', 'uc': 'SHil8SNeHMbkXU2HZq9/HA=='}
2023-12-30 17:09:05,559  jsfuck.py[line:79] INFO: >>>第4页数据---: [{'value': '2791\r'}, {'value': '4127\r'}, {'value': '8479\r'}, {'value': '1056\r'}, {'value': '5702\r'}, {'value': '7179\r'}, {'value': '9814\r'}, {'value': '16\r'}, {'value': '8667\r'}, {'value': '9282\r'}]
2023-12-30 17:09:05,567  jsfuck.py[line:79] INFO: >>>第2页数据---: [{'value': '6961\r'}, {'value': '5151\r'}, {'value': '6059\r'}, {'value': '8521\r'}, {'value': '1163\r'}, {'value': '5380\r'}, {'value': '1660\r'}, {'value': '9451\r'}, {'value': '1578\r'}, {'value': '7077\r'}]
2023-12-30 17:09:05,638  jsfuck.py[line:79] INFO: >>>第1页数据---: [{'value': '8336\r'}, {'value': '520\r'}, {'value': '344\r'}, {'value': '5118\r'}, {'value': '7095\r'}, {'value': '1237\r'}, {'value': '1390\r'}, {'value': '7920\r'}, {'value': '7316\r'}, {'value': '6313\r'}]
2023-12-30 17:09:05,658  jsfuck.py[line:54] INFO: >>>js代码请求结果---:{'page': '17', 'uc': 'L58IqJbZYz4A3ORfI3dd2g=='}
2023-12-30 17:09:05,693  jsfuck.py[line:79] INFO: >>>第7页数据---: [{'value': '1283\r'}, {'value': '7336\r'}, {'value': '7885\r'}, {'value': '1895\r'}, {'value': '702\r'}, {'value': '1994\r'}, {'value': '7781\r'}, {'value': '9033\r'}, {'value': '2289\r'}, {'value': '7330\r'}]
2023-12-30 17:09:05,722  jsfuck.py[line:79] INFO: >>>第11页数据---: [{'value': '9309\r'}, {'value': '7398\r'}, {'value': '9524\r'}, {'value': '2616\r'}, {'value': '6300\r'}, {'value': '4245\r'}, {'value': '5137\r'}, {'value': '6860\r'}, {'value': '9451\r'}, {'value': '9450\r'}]
2023-12-30 17:09:05,835  jsfuck.py[line:79] INFO: >>>第10页数据---: [{'value': '9539\r'}, {'value': '1156\r'}, {'value': '325\r'}, {'value': '1090\r'}, {'value': '5973\r'}, {'value': '8468\r'}, {'value': '8869\r'}, {'value': '5237\r'}, {'value': '981\r'}, {'value': '7483\r'}]
2023-12-30 17:09:05,837  jsfuck.py[line:79] INFO: >>>第5页数据---: [{'value': '7198\r'}, {'value': '2585\r'}, {'value': '2884\r'}, {'value': '9282\r'}, {'value': '5472\r'}, {'value': '237\r'}, {'value': '3262\r'}, {'value': '132\r'}, {'value': '4924\r'}, {'value': '7665\r'}]
2023-12-30 17:09:05,841  jsfuck.py[line:79] INFO: >>>第15页数据---: [{'value': '3021\r'}, {'value': '4431\r'}, {'value': '2558\r'}, {'value': '6184\r'}, {'value': '8360\r'}, {'value': '2962\r'}, {'value': '5850\r'}, {'value': '7292\r'}, {'value': '8170\r'}, {'value': '8603\r'}]
2023-12-30 17:09:05,868  jsfuck.py[line:79] INFO: >>>第6页数据---: [{'value': '8942\r'}, {'value': '6467\r'}, {'value': '6944\r'}, {'value': '1899\r'}, {'value': '1542\r'}, {'value': '3437\r'}, {'value': '9208\r'}, {'value': '8303\r'}, {'value': '2753\r'}, {'value': '5538\r'}]
2023-12-30 17:09:05,998  jsfuck.py[line:79] INFO: >>>第18页数据---: [{'value': '9688\r'}, {'value': '2591\r'}, {'value': '344\r'}, {'value': '4586\r'}, {'value': '3091\r'}, {'value': '6000\r'}, {'value': '8020\r'}, {'value': '3194\r'}, {'value': '9443\r'}, {'value': '6787\r'}]
2023-12-30 17:09:06,000  jsfuck.py[line:79] INFO: >>>第9页数据---: [{'value': '6990\r'}, {'value': '5980\r'}, {'value': '931\r'}, {'value': '5981\r'}, {'value': '9630\r'}, {'value': '6475\r'}, {'value': '8665\r'}, {'value': '5583\r'}, {'value': '6199\r'}, {'value': '7030\r'}]
2023-12-30 17:09:06,015  jsfuck.py[line:79] INFO: >>>第8页数据---: [{'value': '9919\r'}, {'value': '6350\r'}, {'value': '1826\r'}, {'value': '5041\r'}, {'value': '5140\r'}, {'value': '3750\r'}, {'value': '644\r'}, {'value': '725\r'}, {'value': '7404\r'}, {'value': '169\r'}]
2023-12-30 17:09:06,035  jsfuck.py[line:54] INFO: >>>js代码请求结果---:{'page': '20', 'uc': 'KTWolPhGwELdp+kFLhmNhw=='}
2023-12-30 17:09:06,106  jsfuck.py[line:79] INFO: >>>第13页数据---: [{'value': '2319\r'}, {'value': '2420\r'}, {'value': '2999\r'}, {'value': '7244\r'}, {'value': '6405\r'}, {'value': '8608\r'}, {'value': '781\r'}, {'value': '6363\r'}, {'value': '5270\r'}, {'value': '2804\r'}]
2023-12-30 17:09:06,125  jsfuck.py[line:54] INFO: >>>js代码请求结果---:{'page': '23', 'uc': 'RVSTGVlr/z5EGDPiQbFInA=='}
2023-12-30 17:09:06,126  jsfuck.py[line:54] INFO: >>>js代码请求结果---:{'page': '19', 'uc': '6dM/kHYp8EfFk41luq7qgA=='}
2023-12-30 17:09:06,155  jsfuck.py[line:79] INFO: >>>第14页数据---: [{'value': '907\r'}, {'value': '7904\r'}, {'value': '7668\r'}, {'value': '3972\r'}, {'value': '9372\r'}, {'value': '4084\r'}, {'value': '6701\r'}, {'value': '5795\r'}, {'value': '9115\r'}, {'value': '9502\r'}]
2023-12-30 17:09:06,158  jsfuck.py[line:79] INFO: >>>第12页数据---: [{'value': '9269\r'}, {'value': '5357\r'}, {'value': '7414\r'}, {'value': '1702\r'}, {'value': '7238\r'}, {'value': '6985\r'}, {'value': '2113\r'}, {'value': '2617\r'}, {'value': '5390\r'}, {'value': '56\r'}]
2023-12-30 17:09:06,265  jsfuck.py[line:54] INFO: >>>js代码请求结果---:{'page': '26', 'uc': 'iVYQn7t3ZhcRjEJ4zg4RGQ=='}
2023-12-30 17:09:06,268  jsfuck.py[line:79] INFO: >>>第16页数据---: [{'value': '8878\r'}, {'value': '8920\r'}, {'value': '8701\r'}, {'value': '6608\r'}, {'value': '5300\r'}, {'value': '3909\r'}, {'value': '1693\r'}, {'value': '6778\r'}, {'value': '3896\r'}, {'value': '1224\r'}]
2023-12-30 17:09:06,347  jsfuck.py[line:79] INFO: >>>第3页数据---: [{'value': '1968\r'}, {'value': '2860\r'}, {'value': '2821\r'}, {'value': '3910\r'}, {'value': '9086\r'}, {'value': '29\r'}, {'value': '4822\r'}, {'value': '8876\r'}, {'value': '9861\r'}, {'value': '5472\r'}]
2023-12-30 17:09:06,352  jsfuck.py[line:79] INFO: >>>第21页数据---: [{'value': '4379\r'}, {'value': '1947\r'}, {'value': '283\r'}, {'value': '6629\r'}, {'value': '9323\r'}, {'value': '4532\r'}, {'value': '84\r'}, {'value': '9740\r'}, {'value': '8067\r'}, {'value': '327\r'}]
2023-12-30 17:09:06,365  jsfuck.py[line:79] INFO: >>>第24页数据---: [{'value': '5714\r'}, {'value': '3490\r'}, {'value': '7886\r'}, {'value': '9961\r'}, {'value': '6675\r'}, {'value': '9984\r'}, {'value': '3726\r'}, {'value': '3632\r'}, {'value': '9836\r'}, {'value': '223\r'}]
2023-12-30 17:09:06,366  jsfuck.py[line:54] INFO: >>>js代码请求结果---:{'page': '25', 'uc': 'f/GiRJoz2fnXK2MnWknorA=='}
2023-12-30 17:09:06,414  jsfuck.py[line:54] INFO: >>>js代码请求结果---:{'page': '29', 'uc': '22evTMt93a3Iy/+Cj1C1wQ=='}
2023-12-30 17:09:06,427  jsfuck.py[line:54] INFO: >>>js代码请求结果---:{'page': '33', 'uc': 'AQaetnzOfvXriO0CGGkaOw=='}
2023-12-30 17:09:06,441  jsfuck.py[line:79] INFO: >>>第22页数据---: [{'value': '7347\r'}, {'value': '8364\r'}, {'value': '6957\r'}, {'value': '2310\r'}, {'value': '248\r'}, {'value': '550\r'}, {'value': '8792\r'}, {'value': '6542\r'}, {'value': '6927\r'}, {'value': '5993\r'}]
2023-12-30 17:09:06,445  jsfuck.py[line:79] INFO: >>>第17页数据---: [{'value': '3397\r'}, {'value': '7402\r'}, {'value': '1553\r'}, {'value': '2633\r'}, {'value': '7641\r'}, {'value': '6712\r'}, {'value': '1872\r'}, {'value': '3150\r'}, {'value': '1736\r'}, {'value': '3575\r'}]
2023-12-30 17:09:06,457  jsfuck.py[line:54] INFO: >>>js代码请求结果---:{'page': '31', 'uc': 'MfFY3RXpEk5SWSRzV+NVIg=='}
2023-12-30 17:09:06,600  jsfuck.py[line:54] INFO: >>>js代码请求结果---:{'page': '32', 'uc': 'XM/MZPknMvUurxRrwIhZ2A=='}
2023-12-30 17:09:06,636  jsfuck.py[line:79] INFO: >>>第23页数据---: [{'value': '9767\r'}, {'value': '3890\r'}, {'value': '9934\r'}, {'value': '5783\r'}, {'value': '2329\r'}, {'value': '8542\r'}, {'value': '4820\r'}, {'value': '6232\r'}, {'value': '5431\r'}, {'value': '419\r'}]
2023-12-30 17:09:06,641  jsfuck.py[line:79] INFO: >>>第19页数据---: [{'value': '1077\r'}, {'value': '4841\r'}, {'value': '6539\r'}, {'value': '856\r'}, {'value': '9128\r'}, {'value': '5906\r'}, {'value': '9181\r'}, {'value': '324\r'}, {'value': '6551\r'}, {'value': '3624\r'}]
2023-12-30 17:09:06,644  jsfuck.py[line:79] INFO: >>>第20页数据---: [{'value': '8838\r'}, {'value': '5149\r'}, {'value': '6841\r'}, {'value': '1008\r'}, {'value': '1904\r'}, {'value': '6285\r'}, {'value': '6985\r'}, {'value': '9746\r'}, {'value': '2218\r'}, {'value': '5651\r'}]
2023-12-30 17:09:06,655  jsfuck.py[line:79] INFO: >>>第26页数据---: [{'value': '1718\r'}, {'value': '9704\r'}, {'value': '4533\r'}, {'value': '6505\r'}, {'value': '2833\r'}, {'value': '165\r'}, {'value': '7808\r'}, {'value': '9545\r'}, {'value': '8386\r'}, {'value': '9041\r'}]
2023-12-30 17:09:06,821  jsfuck.py[line:79] INFO: >>>第25页数据---: [{'value': '4372\r'}, {'value': '3198\r'}, {'value': '9747\r'}, {'value': '8147\r'}, {'value': '2406\r'}, {'value': '6018\r'}, {'value': '7712\r'}, {'value': '1467\r'}, {'value': '6548\r'}, {'value': '7218\r'}]
2023-12-30 17:09:06,991  jsfuck.py[line:79] INFO: >>>第29页数据---: [{'value': '1194\r'}, {'value': '7131\r'}, {'value': '7879\r'}, {'value': '2484\r'}, {'value': '3577\r'}, {'value': '6375\r'}, {'value': '2990\r'}, {'value': '7551\r'}, {'value': '8795\r'}, {'value': '6729\r'}]
2023-12-30 17:09:07,177  jsfuck.py[line:54] INFO: >>>js代码请求结果---:{'page': '35', 'uc': '4JHn+bDQC648vLNFdtKWFw=='}
2023-12-30 17:09:07,177  jsfuck.py[line:54] INFO: >>>js代码请求结果---:{'page': '28', 'uc': 'inGQKOJE/tzwq9Csi8worw=='}
2023-12-30 17:09:07,223  jsfuck.py[line:54] INFO: >>>js代码请求结果---:{'page': '37', 'uc': 'YZtVsGM+6N6/xXDK+AMGiQ=='}
2023-12-30 17:09:07,263  jsfuck.py[line:54] INFO: >>>js代码请求结果---:{'page': '27', 'uc': 'JkAO88ma+Vy7x7fReS26Mw=='}
2023-12-30 17:09:07,327  jsfuck.py[line:54] INFO: >>>js代码请求结果---:{'page': '30', 'uc': 'QjnrqiPzcwPcCG/pNuX9TA=='}
2023-12-30 17:09:07,348  jsfuck.py[line:79] INFO: >>>第32页数据---: [{'value': '1203\r'}, {'value': '8489\r'}, {'value': '9254\r'}, {'value': '7797\r'}, {'value': '9566\r'}, {'value': '4246\r'}, {'value': '5086\r'}, {'value': '9575\r'}, {'value': '282\r'}, {'value': '18\r'}]
2023-12-30 17:09:07,394  jsfuck.py[line:79] INFO: >>>第31页数据---: [{'value': '8615\r'}, {'value': '4825\r'}, {'value': '4421\r'}, {'value': '9341\r'}, {'value': '8146\r'}, {'value': '1774\r'}, {'value': '3828\r'}, {'value': '8885\r'}, {'value': '2680\r'}, {'value': '1998\r'}]
2023-12-30 17:09:07,398  jsfuck.py[line:79] INFO: >>>第33页数据---: [{'value': '8510\r'}, {'value': '809\r'}, {'value': '6570\r'}, {'value': '6392\r'}, {'value': '2672\r'}, {'value': '8754\r'}, {'value': '892\r'}, {'value': '9852\r'}, {'value': '8992\r'}, {'value': '9208\r'}]
2023-12-30 17:09:07,409  jsfuck.py[line:54] INFO: >>>js代码请求结果---:{'page': '36', 'uc': '/v/3iEBXeICnftTHuq+ivw=='}
2023-12-30 17:09:07,482  jsfuck.py[line:54] INFO: >>>js代码请求结果---:{'page': '34', 'uc': 'q7ZsMrNElmZyXhLQwQ+WdQ=='}
2023-12-30 17:09:07,509  jsfuck.py[line:54] INFO: >>>js代码请求结果---:{'page': '38', 'uc': 'wBKrCibVnnfJYDHYGlJ1Wg=='}
2023-12-30 17:09:07,569  jsfuck.py[line:54] INFO: >>>js代码请求结果---:{'page': '40', 'uc': 'oG1rdG9N47orWjnDVUr0fw=='}
2023-12-30 17:09:07,593  jsfuck.py[line:79] INFO: >>>第37页数据---: [{'value': '953\r'}, {'value': '3367\r'}, {'value': '3636\r'}, {'value': '8837\r'}, {'value': '7874\r'}, {'value': '1603\r'}, {'value': '9463\r'}, {'value': '6610\r'}, {'value': '668\r'}, {'value': '1984\r'}]
2023-12-30 17:09:07,614  jsfuck.py[line:79] INFO: >>>第35页数据---: [{'value': '2261\r'}, {'value': '7900\r'}, {'value': '4491\r'}, {'value': '7711\r'}, {'value': '9699\r'}, {'value': '35\r'}, {'value': '9466\r'}, {'value': '698\r'}, {'value': '2250\r'}, {'value': '8291\r'}]
2023-12-30 17:09:07,617  jsfuck.py[line:79] INFO: >>>第28页数据---: [{'value': '107\r'}, {'value': '8105\r'}, {'value': '8942\r'}, {'value': '3046\r'}, {'value': '7980\r'}, {'value': '9543\r'}, {'value': '2235\r'}, {'value': '4556\r'}, {'value': '6651\r'}, {'value': '718\r'}]
2023-12-30 17:09:07,655  jsfuck.py[line:79] INFO: >>>第27页数据---: [{'value': '5832\r'}, {'value': '790\r'}, {'value': '895\r'}, {'value': '6346\r'}, {'value': '187\r'}, {'value': '2578\r'}, {'value': '95\r'}, {'value': '9572\r'}, {'value': '3345\r'}, {'value': '5580\r'}]
2023-12-30 17:09:07,713  jsfuck.py[line:79] INFO: >>>第30页数据---: [{'value': '717\r'}, {'value': '8785\r'}, {'value': '4459\r'}, {'value': '1821\r'}, {'value': '6618\r'}, {'value': '4450\r'}, {'value': '4201\r'}, {'value': '4243\r'}, {'value': '2840\r'}, {'value': '2701\r'}]
2023-12-30 17:09:07,754  jsfuck.py[line:54] INFO: >>>js代码请求结果---:{'page': '39', 'uc': 'RpfCcRxljDqMZsqPr5Bu3A=='}
2023-12-30 17:09:07,800  jsfuck.py[line:79] INFO: >>>第34页数据---: [{'value': '3502\r'}, {'value': '6953\r'}, {'value': '2392\r'}, {'value': '9432\r'}, {'value': '7664\r'}, {'value': '6306\r'}, {'value': '7042\r'}, {'value': '4443\r'}, {'value': '7036\r'}, {'value': '8991\r'}]
2023-12-30 17:09:07,842  jsfuck.py[line:79] INFO: >>>第38页数据---: [{'value': '7619\r'}, {'value': '710\r'}, {'value': '9696\r'}, {'value': '9271\r'}, {'value': '4501\r'}, {'value': '645\r'}, {'value': '4226\r'}, {'value': '5453\r'}, {'value': '5892\r'}, {'value': '2585\r'}]
2023-12-30 17:09:07,862  jsfuck.py[line:79] INFO: >>>第36页数据---: [{'value': '8808\r'}, {'value': '2616\r'}, {'value': '2664\r'}, {'value': '6638\r'}, {'value': '2197\r'}, {'value': '8874\r'}, {'value': '9159\r'}, {'value': '3578\r'}, {'value': '657\r'}, {'value': '2806\r'}]
2023-12-30 17:09:07,870  jsfuck.py[line:54] INFO: >>>js代码请求结果---:{'page': '41', 'uc': '26Xj3ZIdzbxeC6ejejyJ/g=='}
2023-12-30 17:09:07,881  jsfuck.py[line:79] INFO: >>>第40页数据---: [{'value': '4072\r'}, {'value': '8790\r'}, {'value': '732\r'}, {'value': '6881\r'}, {'value': '6101\r'}, {'value': '7482\r'}, {'value': '1781\r'}, {'value': '2655\r'}, {'value': '3646\r'}, {'value': '5067\r'}]
2023-12-30 17:09:07,938  jsfuck.py[line:54] INFO: >>>js代码请求结果---:{'page': '43', 'uc': 'V6xeaVONO/cxWA9NeM6/Bw=='}
2023-12-30 17:09:07,966  jsfuck.py[line:54] INFO: >>>js代码请求结果---:{'page': '42', 'uc': 'gmw7EiMGXG7V/E7m4H6VDg=='}
2023-12-30 17:09:08,058  jsfuck.py[line:79] INFO: >>>第39页数据---: [{'value': '1866\r'}, {'value': '2269\r'}, {'value': '9788\r'}, {'value': '4456\r'}, {'value': '4901\r'}, {'value': '2510\r'}, {'value': '1290\r'}, {'value': '9882\r'}, {'value': '872\r'}, {'value': '2850\r'}]
2023-12-30 17:09:08,075  jsfuck.py[line:54] INFO: >>>js代码请求结果---:{'page': '45', 'uc': 'b0NI4ucu3UojkPtrP2v30g=='}
2023-12-30 17:09:08,129  jsfuck.py[line:54] INFO: >>>js代码请求结果---:{'page': '44', 'uc': '/8N49zjrfS6rb+vkEDqVJA=='}
2023-12-30 17:09:08,278  jsfuck.py[line:79] INFO: >>>第41页数据---: [{'value': '8181\r'}, {'value': '5611\r'}, {'value': '5184\r'}, {'value': '5008\r'}, {'value': '8197\r'}, {'value': '5366\r'}, {'value': '4728\r'}, {'value': '2306\r'}, {'value': '287\r'}, {'value': '811\r'}]
2023-12-30 17:09:08,357  jsfuck.py[line:54] INFO: >>>js代码请求结果---:{'page': '47', 'uc': 'Px9efoY0iIndb+Gxtt2Omw=='}
2023-12-30 17:09:08,424  jsfuck.py[line:54] INFO: >>>js代码请求结果---:{'page': '50', 'uc': 'j5sPpjNGyqleN6GTDdD3/A=='}
2023-12-30 17:09:08,475  jsfuck.py[line:79] INFO: >>>第43页数据---: [{'value': '8605\r'}, {'value': '3499\r'}, {'value': '6503\r'}, {'value': '8239\r'}, {'value': '8267\r'}, {'value': '5849\r'}, {'value': '6329\r'}, {'value': '6281\r'}, {'value': '2722\r'}, {'value': '6909\r'}]
2023-12-30 17:09:08,543  jsfuck.py[line:79] INFO: >>>第42页数据---: [{'value': '1895\r'}, {'value': '6095\r'}, {'value': '833\r'}, {'value': '9111\r'}, {'value': '8531\r'}, {'value': '3447\r'}, {'value': '9436\r'}, {'value': '9739\r'}, {'value': '2191\r'}, {'value': '483\r'}]
2023-12-30 17:09:08,545  jsfuck.py[line:79] INFO: >>>第45页数据---: [{'value': '9756\r'}, {'value': '2396\r'}, {'value': '6543\r'}, {'value': '2997\r'}, {'value': '2442\r'}, {'value': '7571\r'}, {'value': '1263\r'}, {'value': '2506\r'}, {'value': '7875\r'}, {'value': '8263\r'}]
2023-12-30 17:09:08,617  jsfuck.py[line:79] INFO: >>>第44页数据---: [{'value': '4932\r'}, {'value': '8609\r'}, {'value': '3709\r'}, {'value': '5576\r'}, {'value': '3112\r'}, {'value': '9114\r'}, {'value': '8642\r'}, {'value': '4598\r'}, {'value': '5156\r'}, {'value': '4904\r'}]
2023-12-30 17:09:08,656  jsfuck.py[line:54] INFO: >>>js代码请求结果---:{'page': '48', 'uc': 'sTYHiwKyWza63lEJwGQjPQ=='}
2023-12-30 17:09:08,685  jsfuck.py[line:54] INFO: >>>js代码请求结果---:{'page': '46', 'uc': 'L67Rjm03EVMUx4lKB3gN0Q=='}
2023-12-30 17:09:08,739  jsfuck.py[line:54] INFO: >>>js代码请求结果---:{'page': '51', 'uc': 'riplt+skj8QIsmjMMmNn5w=='}
2023-12-30 17:09:08,774  jsfuck.py[line:54] INFO: >>>js代码请求结果---:{'page': '53', 'uc': 'QW+x1W21T9F+4G/wMgCJxw=='}
2023-12-30 17:09:08,806  jsfuck.py[line:54] INFO: >>>js代码请求结果---:{'page': '49', 'uc': 'GZeaggifrQjhYF+BWwcgNg=='}
2023-12-30 17:09:08,831  jsfuck.py[line:79] INFO: >>>第47页数据---: [{'value': '4067\r'}, {'value': '2277\r'}, {'value': '9002\r'}, {'value': '8003\r'}, {'value': '1\r'}, {'value': '7922\r'}, {'value': '3591\r'}, {'value': '447\r'}, {'value': '2152\r'}, {'value': '5012\r'}]
2023-12-30 17:09:08,842  jsfuck.py[line:54] INFO: >>>js代码请求结果---:{'page': '52', 'uc': '9xBxNPADhFjH+AYl9g4rqg=='}
2023-12-30 17:09:08,989  jsfuck.py[line:79] INFO: >>>第50页数据---: [{'value': '6835\r'}, {'value': '7034\r'}, {'value': '5239\r'}, {'value': '6364\r'}, {'value': '9272\r'}, {'value': '5451\r'}, {'value': '1337\r'}, {'value': '9233\r'}, {'value': '6595\r'}, {'value': '5437\r'}]
2023-12-30 17:09:08,990  jsfuck.py[line:54] INFO: >>>js代码请求结果---:{'page': '55', 'uc': '/NQFk/glhDjE8VJ9dILTfQ=='}
2023-12-30 17:09:08,994  jsfuck.py[line:54] INFO: >>>js代码请求结果---:{'page': '54', 'uc': 'EBN3IzNylHfDMeAVvHiLIQ=='}
2023-12-30 17:09:09,038  jsfuck.py[line:79] INFO: >>>第46页数据---: [{'value': '4293\r'}, {'value': '6833\r'}, {'value': '226\r'}, {'value': '5182\r'}, {'value': '6508\r'}, {'value': '7318\r'}, {'value': '6136\r'}, {'value': '9404\r'}, {'value': '452\r'}, {'value': '8564\r'}]
2023-12-30 17:09:09,040  jsfuck.py[line:79] INFO: >>>第48页数据---: [{'value': '6653\r'}, {'value': '7042\r'}, {'value': '4124\r'}, {'value': '4645\r'}, {'value': '3605\r'}, {'value': '391\r'}, {'value': '5556\r'}, {'value': '2228\r'}, {'value': '4718\r'}, {'value': '8823\r'}]
2023-12-30 17:09:09,087  jsfuck.py[line:54] INFO: >>>js代码请求结果---:{'page': '56', 'uc': 'Aj24InwGUiNYp4KBDNPhLg=='}
2023-12-30 17:09:09,279  jsfuck.py[line:79] INFO: >>>第49页数据---: [{'value': '1470\r'}, {'value': '6741\r'}, {'value': '7028\r'}, {'value': '3251\r'}, {'value': '6995\r'}, {'value': '4993\r'}, {'value': '7520\r'}, {'value': '8476\r'}, {'value': '4595\r'}, {'value': '1483\r'}]
2023-12-30 17:09:09,282  jsfuck.py[line:79] INFO: >>>第53页数据---: [{'value': '7629\r'}, {'value': '6573\r'}, {'value': '9196\r'}, {'value': '1260\r'}, {'value': '1600\r'}, {'value': '9969\r'}, {'value': '3710\r'}, {'value': '5220\r'}, {'value': '111\r'}, {'value': '4787\r'}]
2023-12-30 17:09:09,284  jsfuck.py[line:79] INFO: >>>第51页数据---: [{'value': '8020\r'}, {'value': '8079\r'}, {'value': '752\r'}, {'value': '7333\r'}, {'value': '2881\r'}, {'value': '4546\r'}, {'value': '3347\r'}, {'value': '1284\r'}, {'value': '7823\r'}, {'value': '1176\r'}]
2023-12-30 17:09:09,330  jsfuck.py[line:79] INFO: >>>第52页数据---: [{'value': '7164\r'}, {'value': '8905\r'}, {'value': '8289\r'}, {'value': '3518\r'}, {'value': '3541\r'}, {'value': '3014\r'}, {'value': '9593\r'}, {'value': '7931\r'}, {'value': '5260\r'}, {'value': '4445\r'}]
2023-12-30 17:09:09,331  jsfuck.py[line:54] INFO: >>>js代码请求结果---:{'page': '60', 'uc': 'DEWb2g7AjvAtOBBuLPmzeQ=='}
2023-12-30 17:09:09,503  jsfuck.py[line:79] INFO: >>>第55页数据---: [{'value': '3945\r'}, {'value': '8553\r'}, {'value': '3920\r'}, {'value': '410\r'}, {'value': '5627\r'}, {'value': '8924\r'}, {'value': '1401\r'}, {'value': '9633\r'}, {'value': '3610\r'}, {'value': '8095\r'}]
2023-12-30 17:09:09,511  jsfuck.py[line:79] INFO: >>>第54页数据---: [{'value': '7142\r'}, {'value': '2780\r'}, {'value': '6945\r'}, {'value': '2092\r'}, {'value': '8774\r'}, {'value': '9211\r'}, {'value': '9497\r'}, {'value': '4508\r'}, {'value': '1497\r'}, {'value': '5734\r'}]
2023-12-30 17:09:09,701  jsfuck.py[line:54] INFO: >>>js代码请求结果---:{'page': '57', 'uc': 'Cnsw3BUoo5FDtbYlyUmrzg=='}
2023-12-30 17:09:09,712  jsfuck.py[line:79] INFO: >>>第56页数据---: [{'value': '5995\r'}, {'value': '9931\r'}, {'value': '9984\r'}, {'value': '8651\r'}, {'value': '7339\r'}, {'value': '4422\r'}, {'value': '4467\r'}, {'value': '5448\r'}, {'value': '6848\r'}, {'value': '3189\r'}]
2023-12-30 17:09:09,712  jsfuck.py[line:54] INFO: >>>js代码请求结果---:{'page': '59', 'uc': '8kHj1jDcROG/cd0P1rvbuw=='}
2023-12-30 17:09:09,720  jsfuck.py[line:54] INFO: >>>js代码请求结果---:{'page': '58', 'uc': 'GgyXeqMapSmZo698ENHUXw=='}
2023-12-30 17:09:09,945  jsfuck.py[line:54] INFO: >>>js代码请求结果---:{'page': '62', 'uc': 'UzMq0rkndDF/W64EY10X6g=='}
2023-12-30 17:09:09,953  jsfuck.py[line:54] INFO: >>>js代码请求结果---:{'page': '64', 'uc': 'lsmcGV1LGFmqbqJ74Bik8Q=='}
2023-12-30 17:09:09,982  jsfuck.py[line:54] INFO: >>>js代码请求结果---:{'page': '63', 'uc': 'nGl3V/q0NW8CLEVB7cQ2HQ=='}
2023-12-30 17:09:10,000  jsfuck.py[line:54] INFO: >>>js代码请求结果---:{'page': '61', 'uc': '163n9UvscO2f5q7mCIwzeA=='}
2023-12-30 17:09:10,116  jsfuck.py[line:79] INFO: >>>第60页数据---: [{'value': '252\r'}, {'value': '8825\r'}, {'value': '5509\r'}, {'value': '1036\r'}, {'value': '763\r'}, {'value': '5982\r'}, {'value': '5776\r'}, {'value': '4816\r'}, {'value': '794\r'}, {'value': '1215\r'}]
2023-12-30 17:09:10,187  jsfuck.py[line:79] INFO: >>>第58页数据---: [{'value': '593\r'}, {'value': '5767\r'}, {'value': '5605\r'}, {'value': '7649\r'}, {'value': '6136\r'}, {'value': '4146\r'}, {'value': '1365\r'}, {'value': '6509\r'}, {'value': '3789\r'}, {'value': '6162\r'}]
2023-12-30 17:09:10,190  jsfuck.py[line:79] INFO: >>>第57页数据---: [{'value': '4837\r'}, {'value': '6257\r'}, {'value': '4711\r'}, {'value': '6084\r'}, {'value': '7265\r'}, {'value': '89\r'}, {'value': '64\r'}, {'value': '7659\r'}, {'value': '6114\r'}, {'value': '5761\r'}]
2023-12-30 17:09:10,201  jsfuck.py[line:79] INFO: >>>第59页数据---: [{'value': '2092\r'}, {'value': '9653\r'}, {'value': '2775\r'}, {'value': '9797\r'}, {'value': '4809\r'}, {'value': '6474\r'}, {'value': '2447\r'}, {'value': '9490\r'}, {'value': '1081\r'}, {'value': '3190\r'}]
2023-12-30 17:09:10,291  jsfuck.py[line:54] INFO: >>>js代码请求结果---:{'page': '67', 'uc': 'TYghvuV9R+YnqlTUqud0Fg=='}
2023-12-30 17:09:10,366  jsfuck.py[line:54] INFO: >>>js代码请求结果---:{'page': '71', 'uc': '9Qt77OYVx0HGt7z5LWITow=='}
2023-12-30 17:09:10,391  jsfuck.py[line:54] INFO: >>>js代码请求结果---:{'page': '66', 'uc': '9H9KuAe8RiQptTsYtUkiRg=='}
2023-12-30 17:09:10,394  jsfuck.py[line:54] INFO: >>>js代码请求结果---:{'page': '65', 'uc': 'JkiMvlX8uvZMx+GfOs92pA=='}
2023-12-30 17:09:10,437  jsfuck.py[line:79] INFO: >>>第64页数据---: [{'value': '8173\r'}, {'value': '3931\r'}, {'value': '6383\r'}, {'value': '4557\r'}, {'value': '9426\r'}, {'value': '5527\r'}, {'value': '2736\r'}, {'value': '3017\r'}, {'value': '9161\r'}, {'value': '9915\r'}]
2023-12-30 17:09:10,441  jsfuck.py[line:79] INFO: >>>第62页数据---: [{'value': '8593\r'}, {'value': '4651\r'}, {'value': '5133\r'}, {'value': '7162\r'}, {'value': '6614\r'}, {'value': '8718\r'}, {'value': '9598\r'}, {'value': '5835\r'}, {'value': '1349\r'}, {'value': '2364\r'}]
2023-12-30 17:09:10,490  jsfuck.py[line:79] INFO: >>>第63页数据---: [{'value': '510\r'}, {'value': '1733\r'}, {'value': '2945\r'}, {'value': '5870\r'}, {'value': '9350\r'}, {'value': '955\r'}, {'value': '6857\r'}, {'value': '6628\r'}, {'value': '8586\r'}, {'value': '9669\r'}]
2023-12-30 17:09:10,493  jsfuck.py[line:79] INFO: >>>第61页数据---: [{'value': '1097\r'}, {'value': '5683\r'}, {'value': '3883\r'}, {'value': '4873\r'}, {'value': '8226\r'}, {'value': '5615\r'}, {'value': '8146\r'}, {'value': '1441\r'}, {'value': '1837\r'}, {'value': '2786\r'}]
2023-12-30 17:09:10,526  jsfuck.py[line:54] INFO: >>>js代码请求结果---:{'page': '68', 'uc': '13FFqmJ9KXVaRtYpB5id0g=='}
2023-12-30 17:09:10,552  jsfuck.py[line:54] INFO: >>>js代码请求结果---:{'page': '69', 'uc': 'fAFK8nlno4gw7fmH8hls0A=='}
2023-12-30 17:09:10,557  jsfuck.py[line:79] INFO: >>>第67页数据---: [{'value': '3644\r'}, {'value': '638\r'}, {'value': '1394\r'}, {'value': '7808\r'}, {'value': '4321\r'}, {'value': '4089\r'}, {'value': '8740\r'}, {'value': '5568\r'}, {'value': '417\r'}, {'value': '7036\r'}]
2023-12-30 17:09:10,606  jsfuck.py[line:54] INFO: >>>js代码请求结果---:{'page': '70', 'uc': '5H7md58oIvave8JykwYjDg=='}
2023-12-30 17:09:10,695  jsfuck.py[line:79] INFO: >>>第66页数据---: [{'value': '3314\r'}, {'value': '770\r'}, {'value': '657\r'}, {'value': '8248\r'}, {'value': '5037\r'}, {'value': '8161\r'}, {'value': '802\r'}, {'value': '4599\r'}, {'value': '4081\r'}, {'value': '8227\r'}]
2023-12-30 17:09:10,697  jsfuck.py[line:79] INFO: >>>第71页数据---: [{'value': '90\r'}, {'value': '4203\r'}, {'value': '9753\r'}, {'value': '6598\r'}, {'value': '2496\r'}, {'value': '1740\r'}, {'value': '6790\r'}, {'value': '5155\r'}, {'value': '925\r'}, {'value': '3686\r'}]
2023-12-30 17:09:10,723  jsfuck.py[line:79] INFO: >>>第65页数据---: [{'value': '4921\r'}, {'value': '6485\r'}, {'value': '5383\r'}, {'value': '5990\r'}, {'value': '5806\r'}, {'value': '2191\r'}, {'value': '9288\r'}, {'value': '196\r'}, {'value': '1141\r'}, {'value': '5539\r'}]
2023-12-30 17:09:10,780  jsfuck.py[line:79] INFO: >>>第68页数据---: [{'value': '1200\r'}, {'value': '9409\r'}, {'value': '7979\r'}, {'value': '5437\r'}, {'value': '4308\r'}, {'value': '6095\r'}, {'value': '2428\r'}, {'value': '5378\r'}, {'value': '2604\r'}, {'value': '7344\r'}]
2023-12-30 17:09:10,789  jsfuck.py[line:54] INFO: >>>js代码请求结果---:{'page': '74', 'uc': 'I9V8vW7OMf1DAZpA/ORDOg=='}
2023-12-30 17:09:10,861  jsfuck.py[line:54] INFO: >>>js代码请求结果---:{'page': '72', 'uc': 'xdWd9I0QgD7wernPVkfxzg=='}
2023-12-30 17:09:11,048  jsfuck.py[line:79] INFO: >>>第69页数据---: [{'value': '9242\r'}, {'value': '4288\r'}, {'value': '7919\r'}, {'value': '532\r'}, {'value': '1488\r'}, {'value': '2594\r'}, {'value': '2217\r'}, {'value': '4912\r'}, {'value': '2324\r'}, {'value': '4398\r'}]
2023-12-30 17:09:11,054  jsfuck.py[line:79] INFO: >>>第70页数据---: [{'value': '8848\r'}, {'value': '8215\r'}, {'value': '2866\r'}, {'value': '7503\r'}, {'value': '5987\r'}, {'value': '4655\r'}, {'value': '2969\r'}, {'value': '3819\r'}, {'value': '5251\r'}, {'value': '8863\r'}]
2023-12-30 17:09:11,056  jsfuck.py[line:54] INFO: >>>js代码请求结果---:{'page': '75', 'uc': 'u+7awIOTw24asO7pZ8NqJA=='}
2023-12-30 17:09:11,172  jsfuck.py[line:54] INFO: >>>js代码请求结果---:{'page': '73', 'uc': 'EkK1PX0s8Dvo4WBPTq5X+A=='}
2023-12-30 17:09:11,228  jsfuck.py[line:79] INFO: >>>第74页数据---: [{'value': '6262\r'}, {'value': '9841\r'}, {'value': '436\r'}, {'value': '727\r'}, {'value': '5919\r'}, {'value': '1751\r'}, {'value': '6764\r'}, {'value': '2152\r'}, {'value': '6408\r'}, {'value': '2535\r'}]
2023-12-30 17:09:11,311  jsfuck.py[line:54] INFO: >>>js代码请求结果---:{'page': '79', 'uc': 'bzSgP5g1XFBxQv1y7kv10Q=='}
2023-12-30 17:09:11,346  jsfuck.py[line:54] INFO: >>>js代码请求结果---:{'page': '77', 'uc': 'UIgnRVkezJ6fxq+ER3VpUA=='}
2023-12-30 17:09:11,371  jsfuck.py[line:54] INFO: >>>js代码请求结果---:{'page': '76', 'uc': '9NceR0AhsZlsm1cYGuiq9A=='}
2023-12-30 17:09:11,374  jsfuck.py[line:79] INFO: >>>第72页数据---: [{'value': '7029\r'}, {'value': '6735\r'}, {'value': '868\r'}, {'value': '6982\r'}, {'value': '6892\r'}, {'value': '8848\r'}, {'value': '6293\r'}, {'value': '2988\r'}, {'value': '7181\r'}, {'value': '1317\r'}]
2023-12-30 17:09:11,448  jsfuck.py[line:79] INFO: >>>第75页数据---: [{'value': '9474\r'}, {'value': '169\r'}, {'value': '4588\r'}, {'value': '1465\r'}, {'value': '2023\r'}, {'value': '1693\r'}, {'value': '952\r'}, {'value': '3939\r'}, {'value': '1704\r'}, {'value': '332\r'}]
2023-12-30 17:09:11,456  jsfuck.py[line:54] INFO: >>>js代码请求结果---:{'page': '80', 'uc': 'mknz4znqWpv9lCYbp01ycg=='}
2023-12-30 17:09:11,480  jsfuck.py[line:54] INFO: >>>js代码请求结果---:{'page': '78', 'uc': 'vgaSIPaMtBxhjdec+fjogQ=='}
2023-12-30 17:09:11,622  jsfuck.py[line:79] INFO: >>>第73页数据---: [{'value': '8500\r'}, {'value': '845\r'}, {'value': '6944\r'}, {'value': '9522\r'}, {'value': '7918\r'}, {'value': '2231\r'}, {'value': '6747\r'}, {'value': '3115\r'}, {'value': '5898\r'}, {'value': '497\r'}]
2023-12-30 17:09:11,765  jsfuck.py[line:54] INFO: >>>js代码请求结果---:{'page': '81', 'uc': 'w2qrqfTdxbc83vMw2v9vJw=='}
2023-12-30 17:09:11,830  jsfuck.py[line:54] INFO: >>>js代码请求结果---:{'page': '82', 'uc': 'IZjYBEoC51dQ/heDZkb16w=='}
2023-12-30 17:09:11,875  jsfuck.py[line:54] INFO: >>>js代码请求结果---:{'page': '85', 'uc': 'phE/hC99ukNpPw9DLIq+Lg=='}
2023-12-30 17:09:11,917  jsfuck.py[line:79] INFO: >>>第77页数据---: [{'value': '2945\r'}, {'value': '2660\r'}, {'value': '3995\r'}, {'value': '9590\r'}, {'value': '4051\r'}, {'value': '3398\r'}, {'value': '5289\r'}, {'value': '8254\r'}, {'value': '9787\r'}, {'value': '9165\r'}]
2023-12-30 17:09:11,919  jsfuck.py[line:79] INFO: >>>第79页数据---: [{'value': '3521\r'}, {'value': '6480\r'}, {'value': '8522\r'}, {'value': '27\r'}, {'value': '7393\r'}, {'value': '3973\r'}, {'value': '4774\r'}, {'value': '104\r'}, {'value': '3616\r'}, {'value': '347\r'}]
2023-12-30 17:09:11,921  jsfuck.py[line:54] INFO: >>>js代码请求结果---:{'page': '83', 'uc': '0dbwVD6HAOPQxxxAAqTSAA=='}
2023-12-30 17:09:11,941  jsfuck.py[line:79] INFO: >>>第76页数据---: [{'value': '8324\r'}, {'value': '9851\r'}, {'value': '1476\r'}, {'value': '1073\r'}, {'value': '836\r'}, {'value': '4553\r'}, {'value': '5373\r'}, {'value': '1993\r'}, {'value': '8521\r'}, {'value': '7233\r'}]
2023-12-30 17:09:11,948  jsfuck.py[line:54] INFO: >>>js代码请求结果---:{'page': '84', 'uc': 'SmVVPPPKImDOAMRsAN9/9g=='}
2023-12-30 17:09:11,985  jsfuck.py[line:79] INFO: >>>第78页数据---: [{'value': '7133\r'}, {'value': '9116\r'}, {'value': '7833\r'}, {'value': '8234\r'}, {'value': '4646\r'}, {'value': '838\r'}, {'value': '2786\r'}, {'value': '3857\r'}, {'value': '9451\r'}, {'value': '803\r'}]
2023-12-30 17:09:12,062  jsfuck.py[line:79] INFO: >>>第80页数据---: [{'value': '5017\r'}, {'value': '4620\r'}, {'value': '6049\r'}, {'value': '7517\r'}, {'value': '863\r'}, {'value': '7654\r'}, {'value': '8368\r'}, {'value': '1024\r'}, {'value': '6864\r'}, {'value': '4607\r'}]
2023-12-30 17:09:12,115  jsfuck.py[line:79] INFO: >>>第81页数据---: [{'value': '291\r'}, {'value': '7678\r'}, {'value': '3335\r'}, {'value': '4767\r'}, {'value': '2669\r'}, {'value': '8473\r'}, {'value': '4309\r'}, {'value': '2262\r'}, {'value': '9320\r'}, {'value': '3339\r'}]
2023-12-30 17:09:12,158  jsfuck.py[line:79] INFO: >>>第82页数据---: [{'value': '6340\r'}, {'value': '2394\r'}, {'value': '27\r'}, {'value': '8442\r'}, {'value': '1375\r'}, {'value': '1617\r'}, {'value': '3538\r'}, {'value': '4953\r'}, {'value': '8874\r'}, {'value': '6195\r'}]
2023-12-30 17:09:12,331  jsfuck.py[line:54] INFO: >>>js代码请求结果---:{'page': '89', 'uc': '+pvd7VQKj0TyHgLeniTnpg=='}
2023-12-30 17:09:12,358  jsfuck.py[line:79] INFO: >>>第83页数据---: [{'value': '9856\r'}, {'value': '2747\r'}, {'value': '769\r'}, {'value': '2458\r'}, {'value': '2730\r'}, {'value': '1360\r'}, {'value': '3982\r'}, {'value': '7920\r'}, {'value': '6075\r'}, {'value': '7700\r'}]
2023-12-30 17:09:12,361  jsfuck.py[line:79] INFO: >>>第85页数据---: [{'value': '9261\r'}, {'value': '7232\r'}, {'value': '1043\r'}, {'value': '4779\r'}, {'value': '8856\r'}, {'value': '2974\r'}, {'value': '7771\r'}, {'value': '1708\r'}, {'value': '4831\r'}, {'value': '2919\r'}]
2023-12-30 17:09:12,363  jsfuck.py[line:79] INFO: >>>第84页数据---: [{'value': '6467\r'}, {'value': '9618\r'}, {'value': '6757\r'}, {'value': '2833\r'}, {'value': '3234\r'}, {'value': '6164\r'}, {'value': '825\r'}, {'value': '8695\r'}, {'value': '4403\r'}, {'value': '1103\r'}]
2023-12-30 17:09:12,440  jsfuck.py[line:54] INFO: >>>js代码请求结果---:{'page': '87', 'uc': 'kMbU0wj5EIUv8HNVvHzs9w=='}
2023-12-30 17:09:12,471  jsfuck.py[line:54] INFO: >>>js代码请求结果---:{'page': '86', 'uc': '1+ai7/JTuLVXtYW2I0JAlw=='}
2023-12-30 17:09:12,472  jsfuck.py[line:54] INFO: >>>js代码请求结果---:{'page': '90', 'uc': 'o/c5NtaNZBFPVTFdTJ8PdA=='}
2023-12-30 17:09:12,706  jsfuck.py[line:54] INFO: >>>js代码请求结果---:{'page': '91', 'uc': 'sjWmUMR5fVb4VSB8n595lw=='}
2023-12-30 17:09:12,754  jsfuck.py[line:54] INFO: >>>js代码请求结果---:{'page': '88', 'uc': 'eCnO6MBEFVjgLBoPBL8cIQ=='}
2023-12-30 17:09:12,808  jsfuck.py[line:79] INFO: >>>第89页数据---: [{'value': '7989\r'}, {'value': '4525\r'}, {'value': '5102\r'}, {'value': '3720\r'}, {'value': '8983\r'}, {'value': '9335\r'}, {'value': '4601\r'}, {'value': '7147\r'}, {'value': '7427\r'}, {'value': '3740\r'}]
2023-12-30 17:09:12,927  jsfuck.py[line:54] INFO: >>>js代码请求结果---:{'page': '92', 'uc': 'Pwzn8bTp2VNU/Ilr/cIr4w=='}
2023-12-30 17:09:12,946  jsfuck.py[line:54] INFO: >>>js代码请求结果---:{'page': '95', 'uc': '4t1itBk+PThUu7o3MdWSaw=='}
2023-12-30 17:09:12,953  jsfuck.py[line:54] INFO: >>>js代码请求结果---:{'page': '94', 'uc': 'hc7vPBwQ/8GEC8hgavsc9Q=='}
2023-12-30 17:09:12,963  jsfuck.py[line:54] INFO: >>>js代码请求结果---:{'page': '96', 'uc': '1lO2rDMSCw3L3vb9//07HA=='}
2023-12-30 17:09:12,992  jsfuck.py[line:54] INFO: >>>js代码请求结果---:{'page': '98', 'uc': 'jYSVDoRyJ8rilNgiTOCt5w=='}
2023-12-30 17:09:12,996  jsfuck.py[line:54] INFO: >>>js代码请求结果---:{'page': '99', 'uc': 'DhKDLptri/SForTT37XwvA=='}
2023-12-30 17:09:13,030  jsfuck.py[line:79] INFO: >>>第86页数据---: [{'value': '4904\r'}, {'value': '5775\r'}, {'value': '933\r'}, {'value': '6360\r'}, {'value': '4221\r'}, {'value': '8964\r'}, {'value': '4948\r'}, {'value': '3371\r'}, {'value': '7548\r'}, {'value': '9799\r'}]
2023-12-30 17:09:13,042  jsfuck.py[line:54] INFO: >>>js代码请求结果---:{'page': '93', 'uc': '2BkjuuLtMvIOGwuJl9TdSg=='}
2023-12-30 17:09:13,094  jsfuck.py[line:79] INFO: >>>第87页数据---: [{'value': '6097\r'}, {'value': '5220\r'}, {'value': '9869\r'}, {'value': '5524\r'}, {'value': '2175\r'}, {'value': '2558\r'}, {'value': '3612\r'}, {'value': '3401\r'}, {'value': '4237\r'}, {'value': '974\r'}]
2023-12-30 17:09:13,099  jsfuck.py[line:79] INFO: >>>第90页数据---: [{'value': '627\r'}, {'value': '5969\r'}, {'value': '8874\r'}, {'value': '9005\r'}, {'value': '7343\r'}, {'value': '4996\r'}, {'value': '7149\r'}, {'value': '8666\r'}, {'value': '3590\r'}, {'value': '3558\r'}]
2023-12-30 17:09:13,195  jsfuck.py[line:79] INFO: >>>第88页数据---: [{'value': '3954\r'}, {'value': '9579\r'}, {'value': '6282\r'}, {'value': '5641\r'}, {'value': '9245\r'}, {'value': '9903\r'}, {'value': '4383\r'}, {'value': '5771\r'}, {'value': '126\r'}, {'value': '7964\r'}]
2023-12-30 17:09:13,200  jsfuck.py[line:79] INFO: >>>第91页数据---: [{'value': '7122\r'}, {'value': '8420\r'}, {'value': '456\r'}, {'value': '5489\r'}, {'value': '3182\r'}, {'value': '2524\r'}, {'value': '9391\r'}, {'value': '4836\r'}, {'value': '8451\r'}, {'value': '3016\r'}]
2023-12-30 17:09:13,237  jsfuck.py[line:54] INFO: >>>js代码请求结果---:{'page': '97', 'uc': 'aYvBwWjFJDHNMfyXyyJVbQ=='}
2023-12-30 17:09:13,241  jsfuck.py[line:54] INFO: >>>js代码请求结果---:{'page': '100', 'uc': 'YYPtU42m6jemYEyEhUb9FQ=='}
2023-12-30 17:09:13,330  jsfuck.py[line:79] INFO: >>>第92页数据---: [{'value': '4741\r'}, {'value': '7578\r'}, {'value': '2621\r'}, {'value': '2756\r'}, {'value': '796\r'}, {'value': '5826\r'}, {'value': '1653\r'}, {'value': '6468\r'}, {'value': '2695\r'}, {'value': '1549\r'}]
2023-12-30 17:09:13,343  jsfuck.py[line:79] INFO: >>>第95页数据---: [{'value': '8534\r'}, {'value': '7287\r'}, {'value': '304\r'}, {'value': '5876\r'}, {'value': '6267\r'}, {'value': '2201\r'}, {'value': '7745\r'}, {'value': '9954\r'}, {'value': '6449\r'}, {'value': '9725\r'}]
2023-12-30 17:09:13,395  jsfuck.py[line:79] INFO: >>>第96页数据---: [{'value': '6115\r'}, {'value': '1927\r'}, {'value': '7234\r'}, {'value': '5354\r'}, {'value': '599\r'}, {'value': '6874\r'}, {'value': '3083\r'}, {'value': '5602\r'}, {'value': '5592\r'}, {'value': '5143\r'}]
2023-12-30 17:09:13,405  jsfuck.py[line:79] INFO: >>>第93页数据---: [{'value': '6869\r'}, {'value': '2974\r'}, {'value': '3130\r'}, {'value': '9845\r'}, {'value': '3711\r'}, {'value': '3715\r'}, {'value': '8420\r'}, {'value': '2155\r'}, {'value': '7758\r'}, {'value': '7150\r'}]
2023-12-30 17:09:13,486  jsfuck.py[line:79] INFO: >>>第98页数据---: [{'value': '4363\r'}, {'value': '3798\r'}, {'value': '8786\r'}, {'value': '6052\r'}, {'value': '6167\r'}, {'value': '8968\r'}, {'value': '280\r'}, {'value': '7803\r'}, {'value': '4928\r'}, {'value': '3657\r'}]
2023-12-30 17:09:13,547  jsfuck.py[line:79] INFO: >>>第97页数据---: [{'value': '8743\r'}, {'value': '9441\r'}, {'value': '4539\r'}, {'value': '9596\r'}, {'value': '1370\r'}, {'value': '9318\r'}, {'value': '7830\r'}, {'value': '5229\r'}, {'value': '4460\r'}, {'value': '3833\r'}]
2023-12-30 17:09:13,550  jsfuck.py[line:79] INFO: >>>第94页数据---: [{'value': '6077\r'}, {'value': '5853\r'}, {'value': '5325\r'}, {'value': '8641\r'}, {'value': '7024\r'}, {'value': '4841\r'}, {'value': '8553\r'}, {'value': '8301\r'}, {'value': '7332\r'}, {'value': '7078\r'}]
2023-12-30 17:09:13,571  jsfuck.py[line:79] INFO: >>>第100页数据---: [{'value': '4273\r'}, {'value': '1507\r'}, {'value': '4880\r'}, {'value': '8403\r'}, {'value': '8869\r'}, {'value': '76\r'}, {'value': '5114\r'}, {'value': '9495\r'}, {'value': '7330\r'}, {'value': '1411\r'}]
2023-12-30 17:09:13,608  jsfuck.py[line:79] INFO: >>>第99页数据---: [{'value': '249\r'}, {'value': '2081\r'}, {'value': '67\r'}, {'value': '5900\r'}, {'value': '9528\r'}, {'value': '6532\r'}, {'value': '8854\r'}, {'value': '3447\r'}, {'value': '8878\r'}, {'value': '1241\r'}]
2023-12-30 17:09:13,608  jsfuck.py[line:124] INFO: >>>最终结结果---: [2791, 4127, 8479, 1056, 5702, 7179, 9814, 16, 8667, 9282, 6961, 5151, 6059, 8521, 1163, 5380, 1660, 9451, 1578, 7077, 8336, 520, 344, 5118, 7095, 1237, 1390, 7920, 7316, 6313, 1283, 7336, 7885, 1895, 702, 1994, 7781, 9033, 2289, 7330, 9309, 7398, 9524, 2616, 6300, 4245, 5137, 6860, 9451, 9450, 9539, 1156, 325, 1090, 5973, 8468, 8869, 5237, 981, 7483, 7198, 2585, 2884, 9282, 5472, 237, 3262, 132, 4924, 7665, 3021, 4431, 2558, 6184, 8360, 2962, 5850, 7292, 8170, 8603, 8942, 6467, 6944, 1899, 1542, 3437, 9208, 8303, 2753, 5538, 9688, 2591, 344, 4586, 3091, 6000, 8020, 3194, 9443, 6787, 6990, 5980, 931, 5981, 9630, 6475, 8665, 5583, 6199, 7030, 9919, 6350, 1826, 5041, 5140, 3750, 644, 725, 7404, 169, 2319, 2420, 2999, 7244, 6405, 8608, 781, 6363, 5270, 2804, 907, 7904, 7668, 3972, 9372, 4084, 6701, 5795, 9115, 9502, 9269, 5357, 7414, 1702, 7238, 6985, 2113, 2617, 5390, 56, 8878, 8920, 8701, 6608, 5300, 3909, 1693, 6778, 3896, 1224, 1968, 2860, 2821, 3910, 9086, 29, 4822, 8876, 9861, 5472, 4379, 1947, 283, 6629, 9323, 4532, 84, 9740, 8067, 327, 5714, 3490, 7886, 9961, 6675, 9984, 3726, 3632, 9836, 223, 7347, 8364, 6957, 2310, 248, 550, 8792, 6542, 6927, 5993, 3397, 7402, 1553, 2633, 7641, 6712, 1872, 3150, 1736, 3575, 9767, 3890, 9934, 5783, 2329, 8542, 4820, 6232, 5431, 419, 1077, 4841, 6539, 856, 9128, 5906, 9181, 324, 6551, 3624, 8838, 5149, 6841, 1008, 1904, 6285, 6985, 9746, 2218, 5651, 1718, 9704, 4533, 6505, 2833, 165, 7808, 9545, 8386, 9041, 4372, 3198, 9747, 8147, 2406, 6018, 7712, 1467, 6548, 7218, 1194, 7131, 7879, 2484, 3577, 6375, 2990, 7551, 8795, 6729, 1203, 8489, 9254, 7797, 9566, 4246, 5086, 9575, 282, 18, 8615, 4825, 4421, 9341, 8146, 1774, 3828, 8885, 2680, 1998, 8510, 809, 6570, 6392, 2672, 8754, 892, 9852, 8992, 9208, 953, 3367, 3636, 8837, 7874, 1603, 9463, 6610, 668, 1984, 2261, 7900, 4491, 7711, 9699, 35, 9466, 698, 2250, 8291, 107, 8105, 8942, 3046, 7980, 9543, 2235, 4556, 6651, 718, 5832, 790, 895, 6346, 187, 2578, 95, 9572, 3345, 5580, 717, 8785, 4459, 1821, 6618, 4450, 4201, 4243, 2840, 2701, 3502, 6953, 2392, 9432, 7664, 6306, 7042, 4443, 7036, 8991, 7619, 710, 9696, 9271, 4501, 645, 4226, 5453, 5892, 2585, 8808, 2616, 2664, 6638, 2197, 8874, 9159, 3578, 657, 2806, 4072, 8790, 732, 6881, 6101, 7482, 1781, 2655, 3646, 5067, 1866, 2269, 9788, 4456, 4901, 2510, 1290, 9882, 872, 2850, 8181, 5611, 5184, 5008, 8197, 5366, 4728, 2306, 287, 811, 8605, 3499, 6503, 8239, 8267, 5849, 6329, 6281, 2722, 6909, 1895, 6095, 833, 9111, 8531, 3447, 9436, 9739, 2191, 483, 9756, 2396, 6543, 2997, 2442, 7571, 1263, 2506, 7875, 8263, 4932, 8609, 3709, 5576, 3112, 9114, 8642, 4598, 5156, 4904, 4067, 2277, 9002, 8003, 1, 7922, 3591, 447, 2152, 5012, 6835, 7034, 5239, 6364, 9272, 5451, 1337, 9233, 6595, 5437, 4293, 6833, 226, 5182, 6508, 7318, 6136, 9404, 452, 8564, 6653, 7042, 4124, 4645, 3605, 391, 5556, 2228, 4718, 8823, 1470, 6741, 7028, 3251, 6995, 4993, 7520, 8476, 4595, 1483, 7629, 6573, 9196, 1260, 1600, 9969, 3710, 5220, 111, 4787, 8020, 8079, 752, 7333, 2881, 4546, 3347, 1284, 7823, 1176, 7164, 8905, 8289, 3518, 3541, 3014, 9593, 7931, 5260, 4445, 3945, 8553, 3920, 410, 5627, 8924, 1401, 9633, 3610, 8095, 7142, 2780, 6945, 2092, 8774, 9211, 9497, 4508, 1497, 5734, 5995, 9931, 9984, 8651, 7339, 4422, 4467, 5448, 6848, 3189, 252, 8825, 5509, 1036, 763, 5982, 5776, 4816, 794, 1215, 593, 5767, 5605, 7649, 6136, 4146, 1365, 6509, 3789, 6162, 4837, 6257, 4711, 6084, 7265, 89, 64, 7659, 6114, 5761, 2092, 9653, 2775, 9797, 4809, 6474, 2447, 9490, 1081, 3190, 8173, 3931, 6383, 4557, 9426, 5527, 2736, 3017, 9161, 9915, 8593, 4651, 5133, 7162, 6614, 8718, 9598, 5835, 1349, 2364, 510, 1733, 2945, 5870, 9350, 955, 6857, 6628, 8586, 9669, 1097, 5683, 3883, 4873, 8226, 5615, 8146, 1441, 1837, 2786, 3644, 638, 1394, 7808, 4321, 4089, 8740, 5568, 417, 7036, 3314, 770, 657, 8248, 5037, 8161, 802, 4599, 4081, 8227, 90, 4203, 9753, 6598, 2496, 1740, 6790, 5155, 925, 3686, 4921, 6485, 5383, 5990, 5806, 2191, 9288, 196, 1141, 5539, 1200, 9409, 7979, 5437, 4308, 6095, 2428, 5378, 2604, 7344, 9242, 4288, 7919, 532, 1488, 2594, 2217, 4912, 2324, 4398, 8848, 8215, 2866, 7503, 5987, 4655, 2969, 3819, 5251, 8863, 6262, 9841, 436, 727, 5919, 1751, 6764, 2152, 6408, 2535, 7029, 6735, 868, 6982, 6892, 8848, 6293, 2988, 7181, 1317, 9474, 169, 4588, 1465, 2023, 1693, 952, 3939, 1704, 332, 8500, 845, 6944, 9522, 7918, 2231, 6747, 3115, 5898, 497, 2945, 2660, 3995, 9590, 4051, 3398, 5289, 8254, 9787, 9165, 3521, 6480, 8522, 27, 7393, 3973, 4774, 104, 3616, 347, 8324, 9851, 1476, 1073, 836, 4553, 5373, 1993, 8521, 7233, 7133, 9116, 7833, 8234, 4646, 838, 2786, 3857, 9451, 803, 5017, 4620, 6049, 7517, 863, 7654, 8368, 1024, 6864, 4607, 291, 7678, 3335, 4767, 2669, 8473, 4309, 2262, 9320, 3339, 6340, 2394, 27, 8442, 1375, 1617, 3538, 4953, 8874, 6195, 9856, 2747, 769, 2458, 2730, 1360, 3982, 7920, 6075, 7700, 9261, 7232, 1043, 4779, 8856, 2974, 7771, 1708, 4831, 2919, 6467, 9618, 6757, 2833, 3234, 6164, 825, 8695, 4403, 1103, 7989, 4525, 5102, 3720, 8983, 9335, 4601, 7147, 7427, 3740, 4904, 5775, 933, 6360, 4221, 8964, 4948, 3371, 7548, 9799, 6097, 5220, 9869, 5524, 2175, 2558, 3612, 3401, 4237, 974, 627, 5969, 8874, 9005, 7343, 4996, 7149, 8666, 3590, 3558, 3954, 9579, 6282, 5641, 9245, 9903, 4383, 5771, 126, 7964, 7122, 8420, 456, 5489, 3182, 2524, 9391, 4836, 8451, 3016, 4741, 7578, 2621, 2756, 796, 5826, 1653, 6468, 2695, 1549, 8534, 7287, 304, 5876, 6267, 2201, 7745, 9954, 6449, 9725, 6115, 1927, 7234, 5354, 599, 6874, 3083, 5602, 5592, 5143, 6869, 2974, 3130, 9845, 3711, 3715, 8420, 2155, 7758, 7150, 4363, 3798, 8786, 6052, 6167, 8968, 280, 7803, 4928, 3657, 8743, 9441, 4539, 9596, 1370, 9318, 7830, 5229, 4460, 3833, 6077, 5853, 5325, 8641, 7024, 4841, 8553, 8301, 7332, 7078, 4273, 1507, 4880, 8403, 8869, 76, 5114, 9495, 7330, 1411, 249, 2081, 67, 5900, 9528, 6532, 8854, 3447, 8878, 1241]  总和---:5175137
2023-12-30 17:09:13,762  jsfuck.py[line:132] INFO: >>>提交结果: {"status_code": "1", "message": "success", "state": "success", "finish": true}
