2023-12-26 02:07:35,777  补环境入门.py[line:58] INFO: >>>requests url: https://www.python-spider.com/challenge/11
2023-12-26 02:07:50,248  补环境入门.py[line:58] INFO: >>>requests url: https://www.python-spider.com/challenge/11
2023-12-26 02:07:52,695  补环境入门.py[line:67] INFO: >>>requests Success!!!
2023-12-26 02:07:52,695  补环境入门.py[line:81] INFO: >>>匹配结果：var x="div@Expires@@captcha@while@length@@reverse@0xEDB88320@substr@fromCharCode@145@@0@@@LBWywKW@1500@@cookie@@36@createElement@JgSe0upZ@rOm9XFMtA3QKV7nYsPGT4lifyWwkq5vcjH2IdxUoCbhERLaz81DNB6@Dec@Tue@eval@@window@href@3@String@attachEvent@false@toLowerCase@09@clD@Array@@26@@Path@@@@f@if@@@D@@addEventListener@@@try@return@location@toString@@@50@@@pathname@@@@setTimeout@@replace@a@innerHTML@@@@1703527673@else@@document@V@@@@https@join@for@@DOMContentLoaded@6@e@@@@@new@catch@var@@2@30@split@@function@1@charAt@12@__jsl_clearance@0xFF@firstChild@search@k@chars@charCodeAt@2FZyf@parseInt@8@@match@RegExp@fq@challenge@@g@onreadystatechange@@d@GMT".replace(/@*$/,"").split("@"),y="1L N=22(){1i('17.v=17.1e+17.29.1k(/[\\?|&]4-2k/,\\'\\')',i);1t.k='26=1q.c|e|'+(22(){1L t=[22(N){16 N},22(t){16 t},(22(){1L N=1t.n('1');N.1m='<1l v=\\'/\\'>1H</1l>';N=N.28.v;1L t=N.2h(/1y?:\\/\\//)[e];N=N.a(t.6).A();16 22(t){1A(1L 1H=e;1H<t.6;1H++){t[1H]=N.24(t[1H])};16 t.1z('')}})(),22(N){1A(1L t=e;t<N.6;t++){N[t]=2e(N[t]).18(m)};16 N.1z('')}],N=['C',[(-~~~{}<<-~~~{})+(-~~~{}<<-~~~{})],'1u',[(-~[]+[]+[[]][e])+[-~-~{}]],'2j',[(-~[]+[]+[[]][e])+[-~[]-~[]-~!/!/+(-~[]-~[])*[-~[]-~[]]],(-~[]+[]+[[]][e])+(-~[-~-~{}]+[[]][e]),(-~[]+[]+[[]][e])+[(+!![[][[]]][23])]],'h',[(1N-~[-~-~{}]+[]+[[]][e])],'%2d',[(-~[]+[]+[[]][e])+(-~[-~-~{}]+[[]][e])],'1D',[(-~[]+[]+[[]][e])+(-~[-~-~{}]+[[]][e])],'f382dfcaf271ce0a14f8be44b8c58494',(-~[-~-~{}]+[[]][e]),'10'];1A(1L 1H=e;1H<N.6;1H++){N[1H]=t[[23,e,23,1N,23,w,23,1N,23,1N,23,w,23,e,23][1H]](N[1H])};16 N.1z('')})()+';2=r, 25-q-1O B:1b:F 2q;H=/;'};M((22(){15{16 !!u.12;}1K(1E){16 z;}})()){1t.12('1C',N,z)}1r{1t.y('2n',N)}",f=function(x,y){var a=0,b=0,c=0;x=x.split("");y=y||99;while((a=x.shift())&&(b=a.charCodeAt(0)-77.5))c=(Math.abs(b)<13?(b+48.5):parseInt(a,36))+y*c;return c},z=f(y.match(/\w/g).sort(function(x,y){return f(x)-f(y)}).pop());while(z++)try{eval(y.replace(/\b\w+\b/g, function(y){return x[f(y,z)-1]||("_"+y)}));break}catch(_){}
2023-12-26 02:07:52,888  补环境入门.py[line:111] INFO: >>>更新cookie-->{'sessionid': 'xqvpgoaztcwxfc1uioxe5ntaeqhrmlpe', '__jsl_clearance': '1703527673.145|0|clD4VpfqhdaLBWywKWy%2FZyfi6d_f382dfcaf271ce0a14f8be44b8c584943D'}
2023-12-26 02:07:52,888  补环境入门.py[line:58] INFO: >>>requests url: https://www.python-spider.com/challenge/11
2023-12-26 02:07:52,999  补环境入门.py[line:67] INFO: >>>requests Success!!!
2023-12-26 02:07:53,161  补环境入门.py[line:129] INFO: >>>解析结果: [1486, 5782, 2588, 8545, 7897, 2487, 2458, 3545, 3858, 5537]
2023-12-26 02:07:53,162  补环境入门.py[line:58] INFO: >>>requests url: https://www.python-spider.com/challenge/api/check
2023-12-26 02:07:53,216  补环境入门.py[line:67] INFO: >>>requests Success!!!
2023-12-26 02:07:53,216  补环境入门.py[line:136] INFO: >>>提交结果: {"status_code": "1", "message": "success", "state": "success", "finish": false}
2023-12-26 02:10:21,183  补环境入门.py[line:58] INFO: >>>requests url: https://www.python-spider.com/challenge/11
2023-12-26 02:10:21,576  补环境入门.py[line:67] INFO: >>>requests Success!!!
2023-12-26 02:10:21,577  补环境入门.py[line:79] INFO: >>>匹配结果：var x="div@Expires@@captcha@while@length@@reverse@0xEDB88320@substr@fromCharCode@035@@0@@@LBWywKW@1500@@cookie@@36@createElement@JgSe0upZ@rOm9XFMtA3QKV7nYsPGT4lifyWwkq5vcjH2IdxUoCbhERLaz81DNB6@Dec@Tue@eval@@window@href@3@String@attachEvent@false@toLowerCase@09@clD@Array@@26@@Path@@@@f@if@@@D@@addEventListener@@@try@return@location@toString@@@50@@@pathname@@@@setTimeout@@replace@a@innerHTML@@@@1703527822@else@@document@V@@@@https@join@for@@DOMContentLoaded@6@e@@@@@new@catch@var@@2@30@split@@function@1@charAt@12@__jsl_clearance@0xFF@firstChild@search@k@chars@charCodeAt@2FZyf@parseInt@8@@match@RegExp@fq@challenge@@g@onreadystatechange@@d@GMT".replace(/@*$/,"").split("@"),y="1L N=22(){1i('17.v=17.1e+17.29.1k(/[\\?|&]4-2k/,\\'\\')',i);1t.k='26=1q.c|e|'+(22(){1L t=[22(N){16 N},22(t){16 t},(22(){1L N=1t.n('1');N.1m='<1l v=\\'/\\'>1H</1l>';N=N.28.v;1L t=N.2h(/1y?:\\/\\//)[e];N=N.a(t.6).A();16 22(t){1A(1L 1H=e;1H<t.6;1H++){t[1H]=N.24(t[1H])};16 t.1z('')}})(),22(N){1A(1L t=e;t<N.6;t++){N[t]=2e(N[t]).18(m)};16 N.1z('')}],N=['C',[(-~~~{}<<-~~~{})+(-~~~{}<<-~~~{})],'1u',[(-~[]+[]+[[]][e])+[-~-~{}]],'2j',[(-~[]+[]+[[]][e])+[-~[]-~[]-~!/!/+(-~[]-~[])*[-~[]-~[]]],(-~[]+[]+[[]][e])+(-~[-~-~{}]+[[]][e]),(-~[]+[]+[[]][e])+[(+!![[][[]]][23])]],'h',[(1N-~[-~-~{}]+[]+[[]][e])],'%2d',[(-~[]+[]+[[]][e])+(-~[-~-~{}]+[[]][e])],'1D',[(-~[]+[]+[[]][e])+(-~[-~-~{}]+[[]][e])],'d0bb245fd3a29ad0abac258a1ce11639',(-~[-~-~{}]+[[]][e]),'10'];1A(1L 1H=e;1H<N.6;1H++){N[1H]=t[[23,e,23,1N,23,w,23,1N,23,1N,23,w,23,e,23][1H]](N[1H])};16 N.1z('')})()+';2=r, 25-q-1O B:1b:F 2q;H=/;'};M((22(){15{16 !!u.12;}1K(1E){16 z;}})()){1t.12('1C',N,z)}1r{1t.y('2n',N)}",f=function(x,y){var a=0,b=0,c=0;x=x.split("");y=y||99;while((a=x.shift())&&(b=a.charCodeAt(0)-77.5))c=(Math.abs(b)<13?(b+48.5):parseInt(a,36))+y*c;return c},z=f(y.match(/\w/g).sort(function(x,y){return f(x)-f(y)}).pop());while(z++)try{eval(y.replace(/\b\w+\b/g, function(y){return x[f(y,z)-1]||("_"+y)}));break}catch(_){}
2023-12-26 02:10:21,754  补环境入门.py[line:109] INFO: >>>更新cookie-->{'sessionid': 'xqvpgoaztcwxfc1uioxe5ntaeqhrmlpe', '__jsl_clearance': '1703527822.035|0|clD4VpfqhdaLBWywKWy%2FZyfi6d_d0bb245fd3a29ad0abac258a1ce116393D'}
2023-12-26 02:10:21,754  补环境入门.py[line:58] INFO: >>>requests url: https://www.python-spider.com/challenge/11
2023-12-26 02:10:21,869  补环境入门.py[line:67] INFO: >>>requests Success!!!
2023-12-26 02:10:22,018  补环境入门.py[line:127] INFO: >>>解析结果: [1486, 5782, 2588, 8545, 7897, 2487, 2458, 3545, 3858, 5537]
2023-12-26 02:10:22,018  补环境入门.py[line:58] INFO: >>>requests url: https://www.python-spider.com/challenge/api/check
2023-12-26 02:10:22,062  补环境入门.py[line:67] INFO: >>>requests Success!!!
2023-12-26 02:10:22,062  补环境入门.py[line:134] INFO: >>>提交结果: {"status_code": "1", "message": "success", "state": "success", "finish": true}
